[22:24:15] [Server thread/INFO]: Starting minecraft server version 1.14.3
[22:24:15] [Server thread/INFO]: Loading properties
[22:24:16] [Server thread/INFO]: This server is running CraftBukkit version git-Spigot-5e4e7f3-2349feb (MC: 1.14.3) (Implementing API version 1.14.3-R0.1-SNAPSHOT)
[22:24:16] [Server thread/INFO]: Debug logging is disabled
[22:24:16] [Server thread/INFO]: Server Ping Player Sample Count: 12
[22:24:16] [Server thread/INFO]: Using 4 threads for Netty based IO
[22:24:16] [Server thread/INFO]: Default game type: SURVIVAL
[22:24:16] [Server thread/INFO]: Generating keypair
[22:24:16] [Server thread/INFO]: Starting Minecraft server on *:25565
[22:24:16] [Server thread/INFO]: Using default channel type
[22:24:19] [Server thread/WARN]: Plugin UltimateAntiCheat v0.1.6 does not specify an api-version.
[22:24:19] [Server thread/WARN]: Plugin SilkSpawners v5.0.2 does not specify an api-version.
[22:24:19] [Server thread/INFO]: [ClearLag] Loading ClearLag v3.0.6
[22:24:19] [Server thread/INFO]: [ChopTree2] Loading ChopTree2 v1.14.2-2.4.3
[22:24:19] [Server thread/INFO]: [WorldEdit] Loading WorldEdit v7.0.0;214af8a
[22:24:20] [Server thread/INFO]: Got request to register class com.sk89q.worldedit.bukkit.BukkitServerInterface with WorldEdit [com.sk89q.worldedit.extension.platform.PlatformManager@4658cc92]
[22:24:20] [Server thread/INFO]: [UAC] Loading UltimateAntiCheat v0.1.6
[22:24:20] [Server thread/INFO]: [Essentials] Loading Essentials v2.17.0.0
[22:24:20] [Server thread/INFO]: [SilkSpawners] Loading SilkSpawners v5.0.2
[22:24:20] [Server thread/INFO]: [VeinMiner] Loading VeinMiner v1.14.0
[22:24:20] [Server thread/INFO]: [WorldEdit] Enabling WorldEdit v7.0.0;214af8a
[22:24:20] [Server thread/INFO]: WEPIF: Using the Bukkit Permissions API.
[22:24:20] [Server thread/WARN]: [WorldEdit] ====================================================
[22:24:20] [Server thread/WARN]: [WorldEdit]  WorldEdit works better if you use Paper 
[22:24:20] [Server thread/WARN]: [WorldEdit]  as your server software. 
[22:24:20] [Server thread/WARN]: [WorldEdit]   
[22:24:20] [Server thread/WARN]: [WorldEdit]  Paper offers significant performance improvements,
[22:24:20] [Server thread/WARN]: [WorldEdit]  bug fixes, security enhancements and optional
[22:24:20] [Server thread/WARN]: [WorldEdit]  features for server owners to enhance their server.
[22:24:20] [Server thread/WARN]: [WorldEdit]   
[22:24:20] [Server thread/WARN]: [WorldEdit]  Paper includes Timings v2, which is significantly
[22:24:20] [Server thread/WARN]: [WorldEdit]  better at diagnosing lag problems over v1.
[22:24:20] [Server thread/WARN]: [WorldEdit]   
[22:24:20] [Server thread/WARN]: [WorldEdit]  All of your plugins should still work, and the
[22:24:20] [Server thread/WARN]: [WorldEdit]  Paper community will gladly help you fix any issues.
[22:24:20] [Server thread/WARN]: [WorldEdit]   
[22:24:20] [Server thread/WARN]: [WorldEdit]  Join the Paper Community @ https://papermc.io
[22:24:20] [Server thread/WARN]: [WorldEdit] ====================================================
[22:24:20] [Server thread/INFO]: Preparing level "world"
[22:24:20] [Server thread/INFO]: Reloading ResourceManager: Default, bukkit
[22:24:20] [Server thread/INFO]: Loaded 6 recipes
[22:24:20] [Server thread/INFO]: -------- World Settings For [world] --------
[22:24:20] [Server thread/INFO]: View Distance: 30
[22:24:20] [Server thread/INFO]: Arrow Despawn Rate: 1200
[22:24:20] [Server thread/INFO]: Allow Zombie Pigmen to spawn from portal blocks: true
[22:24:20] [Server thread/INFO]: Mob Spawn Range: 6
[22:24:20] [Server thread/INFO]: Cactus Growth Modifier: 100%
[22:24:20] [Server thread/INFO]: Cane Growth Modifier: 100%
[22:24:20] [Server thread/INFO]: Melon Growth Modifier: 100%
[22:24:20] [Server thread/INFO]: Mushroom Growth Modifier: 100%
[22:24:20] [Server thread/INFO]: Pumpkin Growth Modifier: 100%
[22:24:20] [Server thread/INFO]: Sapling Growth Modifier: 100%
[22:24:20] [Server thread/INFO]: Beetroot Growth Modifier: 100%
[22:24:20] [Server thread/INFO]: Carrot Growth Modifier: 100%
[22:24:20] [Server thread/INFO]: Potato Growth Modifier: 100%
[22:24:20] [Server thread/INFO]: Wheat Growth Modifier: 100%
[22:24:20] [Server thread/INFO]: NetherWart Growth Modifier: 100%
[22:24:20] [Server thread/INFO]: Vine Growth Modifier: 100%
[22:24:20] [Server thread/INFO]: Cocoa Growth Modifier: 100%
[22:24:20] [Server thread/INFO]: Bamboo Growth Modifier: 100%
[22:24:20] [Server thread/INFO]: SweetBerry Growth Modifier: 100%
[22:24:20] [Server thread/INFO]: Kelp Growth Modifier: 100%
[22:24:20] [Server thread/INFO]: Experience Merge Radius: 3.0
[22:24:20] [Server thread/INFO]: Item Despawn Rate: 6000
[22:24:20] [Server thread/INFO]: Item Merge Radius: 2.5
[22:24:20] [Server thread/INFO]: Custom Map Seeds:  Village: 10387312 Desert: 14357617 Igloo: 14357618 Jungle: 14357619 Swamp: 14357620 Monument: 10387313Ocean: 14357621 Shipwreck: 165745295 Slime: 987234911
[22:24:20] [Server thread/INFO]: Zombie Aggressive Towards Villager: true
[22:24:20] [Server thread/INFO]: Nerfing mobs spawned from spawners: false
[22:24:20] [Server thread/INFO]: Tile Max Tick Time: 50ms Entity max Tick Time: 50ms
[22:24:20] [Server thread/INFO]: Hopper Transfer: 8 Hopper Check: 1 Hopper Amount: 1
[22:24:20] [Server thread/INFO]: Entity Activation Range: An 32 / Mo 32 / Ra 48 / Mi 16 / Tiv true
[22:24:20] [Server thread/INFO]: Max TNT Explosions: 100
[22:24:20] [Server thread/INFO]: Entity Tracking Range: Pl 48 / An 48 / Mo 48 / Mi 32 / Other 64
[22:24:21] [Server thread/INFO]: Using com.sk89q.worldedit.bukkit.adapter.impl.Spigot_v1_14_R2 as the Bukkit adapter
[22:24:21] [Server thread/INFO]: Registering commands with com.sk89q.worldedit.bukkit.BukkitServerInterface
[22:24:21] [Server thread/INFO]: -------- World Settings For [world_nether] --------
[22:24:21] [Server thread/INFO]: View Distance: 30
[22:24:21] [Server thread/INFO]: Arrow Despawn Rate: 1200
[22:24:21] [Server thread/INFO]: Allow Zombie Pigmen to spawn from portal blocks: true
[22:24:21] [Server thread/INFO]: Mob Spawn Range: 6
[22:24:21] [Server thread/INFO]: Cactus Growth Modifier: 100%
[22:24:21] [Server thread/INFO]: Cane Growth Modifier: 100%
[22:24:21] [Server thread/INFO]: Melon Growth Modifier: 100%
[22:24:21] [Server thread/INFO]: Mushroom Growth Modifier: 100%
[22:24:21] [Server thread/INFO]: Pumpkin Growth Modifier: 100%
[22:24:21] [Server thread/INFO]: Sapling Growth Modifier: 100%
[22:24:21] [Server thread/INFO]: Beetroot Growth Modifier: 100%
[22:24:21] [Server thread/INFO]: Carrot Growth Modifier: 100%
[22:24:21] [Server thread/INFO]: Potato Growth Modifier: 100%
[22:24:21] [Server thread/INFO]: Wheat Growth Modifier: 100%
[22:24:21] [Server thread/INFO]: NetherWart Growth Modifier: 100%
[22:24:21] [Server thread/INFO]: Vine Growth Modifier: 100%
[22:24:21] [Server thread/INFO]: Cocoa Growth Modifier: 100%
[22:24:21] [Server thread/INFO]: Bamboo Growth Modifier: 100%
[22:24:21] [Server thread/INFO]: SweetBerry Growth Modifier: 100%
[22:24:21] [Server thread/INFO]: Kelp Growth Modifier: 100%
[22:24:21] [Server thread/INFO]: Experience Merge Radius: 3.0
[22:24:21] [Server thread/INFO]: Item Despawn Rate: 6000
[22:24:21] [Server thread/INFO]: Item Merge Radius: 2.5
[22:24:21] [Server thread/INFO]: Custom Map Seeds:  Village: 10387312 Desert: 14357617 Igloo: 14357618 Jungle: 14357619 Swamp: 14357620 Monument: 10387313Ocean: 14357621 Shipwreck: 165745295 Slime: 987234911
[22:24:21] [Server thread/INFO]: Zombie Aggressive Towards Villager: true
[22:24:21] [Server thread/INFO]: Nerfing mobs spawned from spawners: false
[22:24:21] [Server thread/INFO]: Tile Max Tick Time: 50ms Entity max Tick Time: 50ms
[22:24:21] [Server thread/INFO]: Hopper Transfer: 8 Hopper Check: 1 Hopper Amount: 1
[22:24:21] [Server thread/INFO]: Entity Activation Range: An 32 / Mo 32 / Ra 48 / Mi 16 / Tiv true
[22:24:21] [Server thread/INFO]: Max TNT Explosions: 100
[22:24:21] [Server thread/INFO]: Entity Tracking Range: Pl 48 / An 48 / Mo 48 / Mi 32 / Other 64
[22:24:21] [Server thread/INFO]: -------- World Settings For [world_the_end] --------
[22:24:21] [Server thread/INFO]: View Distance: 30
[22:24:21] [Server thread/INFO]: Arrow Despawn Rate: 1200
[22:24:21] [Server thread/INFO]: Allow Zombie Pigmen to spawn from portal blocks: true
[22:24:21] [Server thread/INFO]: Mob Spawn Range: 6
[22:24:21] [Server thread/INFO]: Cactus Growth Modifier: 100%
[22:24:21] [Server thread/INFO]: Cane Growth Modifier: 100%
[22:24:21] [Server thread/INFO]: Melon Growth Modifier: 100%
[22:24:21] [Server thread/INFO]: Mushroom Growth Modifier: 100%
[22:24:21] [Server thread/INFO]: Pumpkin Growth Modifier: 100%
[22:24:21] [Server thread/INFO]: Sapling Growth Modifier: 100%
[22:24:21] [Server thread/INFO]: Beetroot Growth Modifier: 100%
[22:24:21] [Server thread/INFO]: Carrot Growth Modifier: 100%
[22:24:21] [Server thread/INFO]: Potato Growth Modifier: 100%
[22:24:21] [Server thread/INFO]: Wheat Growth Modifier: 100%
[22:24:21] [Server thread/INFO]: NetherWart Growth Modifier: 100%
[22:24:21] [Server thread/INFO]: Vine Growth Modifier: 100%
[22:24:21] [Server thread/INFO]: Cocoa Growth Modifier: 100%
[22:24:21] [Server thread/INFO]: Bamboo Growth Modifier: 100%
[22:24:21] [Server thread/INFO]: SweetBerry Growth Modifier: 100%
[22:24:21] [Server thread/INFO]: Kelp Growth Modifier: 100%
[22:24:21] [Server thread/INFO]: Experience Merge Radius: 3.0
[22:24:21] [Server thread/INFO]: Item Despawn Rate: 6000
[22:24:21] [Server thread/INFO]: Item Merge Radius: 2.5
[22:24:21] [Server thread/INFO]: Custom Map Seeds:  Village: 10387312 Desert: 14357617 Igloo: 14357618 Jungle: 14357619 Swamp: 14357620 Monument: 10387313Ocean: 14357621 Shipwreck: 165745295 Slime: 987234911
[22:24:21] [Server thread/INFO]: Zombie Aggressive Towards Villager: true
[22:24:21] [Server thread/INFO]: Nerfing mobs spawned from spawners: false
[22:24:21] [Server thread/INFO]: Tile Max Tick Time: 50ms Entity max Tick Time: 50ms
[22:24:21] [Server thread/INFO]: Hopper Transfer: 8 Hopper Check: 1 Hopper Amount: 1
[22:24:21] [Server thread/INFO]: Entity Activation Range: An 32 / Mo 32 / Ra 48 / Mi 16 / Tiv true
[22:24:21] [Server thread/INFO]: Max TNT Explosions: 100
[22:24:21] [Server thread/INFO]: Entity Tracking Range: Pl 48 / An 48 / Mo 48 / Mi 32 / Other 64
[22:24:21] [Server thread/INFO]: Preparing start region for dimension 'world'/minecraft:overworld
[22:24:22] [Server thread/INFO]: Preparing spawn area: 0%
[22:24:22] [Server thread/INFO]: Preparing spawn area: 0%
[22:24:22] [Server-Worker-6/INFO]: Preparing spawn area: 83%
[22:24:22] [Server thread/INFO]: Time elapsed: 1210 ms
[22:24:22] [Server thread/INFO]: Preparing start region for dimension 'world_nether'/minecraft:the_nether
[22:24:23] [Server thread/INFO]: Preparing spawn area: 0%
[22:24:23] [Server thread/INFO]: Preparing spawn area: 0%
[22:24:23] [Server thread/INFO]: Preparing spawn area: 99%
[22:24:23] [Server thread/INFO]: Time elapsed: 1012 ms
[22:24:23] [Server thread/INFO]: Preparing start region for dimension 'world_the_end'/minecraft:the_end
[22:24:23] [Server thread/INFO]: Preparing spawn area: 0%
[22:24:24] [Server-Worker-3/INFO]: Preparing spawn area: 83%
[22:24:24] [Server thread/INFO]: Time elapsed: 723 ms
[22:24:24] [Server thread/INFO]: [ClearLag] Enabling ClearLag v3.0.6
[22:24:24] [Server thread/INFO]: [ClearLag] Loading modules...
[22:24:24] [Server thread/INFO]: [ClearLag] Modules enabed, loading config values
[22:24:24] [Server thread/INFO]: [ClearLag] Modules have been loaded!
[22:24:24] [Server thread/INFO]: [ClearLag] Clearlag is now enabled!
[22:24:24] [Thread-9/INFO]: [ClearLag] Checking for updates compatible with your bukkit version [1.14]...
[22:24:24] [Server thread/INFO]: [ChopTree2] Enabling ChopTree2 v1.14.2-2.4.3
[22:24:24] [Server thread/INFO]: [UAC] Enabling UltimateAntiCheat v0.1.6
[22:24:24] [Server thread/INFO]: [UAC] UAC was enabled...
[22:24:24] [Server thread/INFO]: [UAC] Registering events...
[22:24:24] [Server thread/INFO]: [UAC] Submitting stats to mcstats.org...
[22:24:24] [Server thread/INFO]: [UAC] Registering Commands
[22:24:24] [Server thread/INFO]: [UAC] Done with Startup!
[22:24:24] [Server thread/INFO]: [Essentials] Enabling Essentials v2.17.0.0
[22:24:24] [Server thread/INFO]: Attempting to convert old kits in config.yml to new kits.yml
[22:24:24] [Server thread/INFO]: No kits found to migrate.
[22:24:24] [Server thread/INFO]: [Essentials] Using 1.8.3+ BlockStateMeta provider as mob spawner provider.
[22:24:24] [Server thread/INFO]: [Essentials] Using 1.13+ flat spawn egg provider as spawn egg provider.
[22:24:24] [Server thread/INFO]: [Essentials] Using 1.9+ BasePotionData provider as potion meta provider.
[22:24:24] [Server thread/INFO]: Loaded 20977 items from items.json.
[22:24:24] [Server thread/INFO]: Using locale en_US
[22:24:24] [Server thread/INFO]: [Essentials] ServerListPingEvent: Spigot iterator API
[22:24:24] [Server thread/INFO]: [Essentials] Starting Metrics. Opt-out using the global bStats config.
[22:24:24] [Server thread/INFO]: [Essentials] Using superperms-based permissions.
[22:24:24] [Server thread/INFO]: [SilkSpawners] Enabling SilkSpawners v5.0.2
[22:24:24] [Thread-9/INFO]: [ClearLag] No updates found!
[22:24:24] [Server thread/INFO]: [SilkSpawners] This version of the plugin is NOT compatible with your Minecraft version!
[22:24:24] [Server thread/INFO]: [SilkSpawners] Please check your versions to make sure they match!
[22:24:24] [Server thread/INFO]: [SilkSpawners] Disabling now!
[22:24:24] [Server thread/INFO]: [SilkSpawners] Compatible versions are: [v1_5_R1, v1_5_R2, v1_5_R3, v1_6_R1, v1_6_R2, v1_6_R3, v1_7_R1, v1_7_R2, v1_7_R3, v1_7_R4, v1_8_R1, v1_8_R2, v1_8_R3, v1_9_R1, v1_9_R2, v1_10_R1, v1_11_R1, v1_12_R1]
[22:24:24] [Server thread/INFO]: [SilkSpawners] Your version is: v1_14_R1
[22:24:24] [Server thread/INFO]: [SilkSpawners] You can disable this check by setting testMCVersion to false in the config!
[22:24:24] [Server thread/INFO]: [VeinMiner] Enabling VeinMiner v1.14.0
[22:24:25] [Server thread/INFO]: [VeinMiner] Registering events
[22:24:25] [Server thread/INFO]: [VeinMiner] Registering commands
[22:24:25] [Server thread/INFO]: [VeinMiner] Enabling Plugin Metrics
[22:24:25] [Server thread/INFO]: [VeinMiner] Thank you for enabling Metrics! I greatly appreciate the use of plugin statistics
[22:24:25] [Server thread/INFO]: [VeinMiner] Loading configuration options to local memory
[22:24:25] [Server thread/INFO]: [VeinMiner] Unknown world found... "WorldName". Ignoring...
[22:24:25] [Server thread/INFO]: [VeinMiner] Performing an update check!
[22:24:25] [Server thread/INFO]: Server permissions file permissions.yml is empty, ignoring it
[22:24:25] [ForkJoinPool.commonPool-worker-9/INFO]: [VeinMiner] Your version of VeinMiner (1.14.0) is up to date!
[22:24:25] [Server thread/INFO]: Done (4.609s)! For help, type "help"
[22:25:04] [User Authenticator #1/INFO]: UUID of player subtora is a4aa75f4-b844-444a-a24a-ae909cf2342a
[22:25:04] [Server thread/INFO]: subtora[/192.168.95.1:55901] logged in with entity id 337 at ([world]781.8602566916963, 91.80354492607455, 601.7462131013646)
[22:25:11] [Server thread/WARN]: subtora moved too quickly! -30.795108775381095,-9.186974099660972,-20.298739341061378
[22:29:29] [Server thread/WARN]: subtora moved too quickly! 15.867503324082236,1.0718222149623102,-4.934444071254006
[22:35:50] [Server thread/INFO]: subtora issued server command: /save-all
[22:35:50] [Server thread/INFO]: [subtora: Saved the game]
[22:36:27] [Server thread/INFO]: subtora issued server command: /save-all
[22:36:27] [Server thread/INFO]: [subtora: Saved the game]
[22:36:43] [Server thread/INFO]: subtora lost connection: Disconnected
[22:36:43] [Server thread/INFO]: subtora left the game
